{"name":"testPrequalificationForm","status":"broken","statusDetails":{"known":false,"muted":false,"flaky":false,"message":"Expected condition failed: waiting for com.usa.web.utils.ElementHelper$$Lambda$337/689375815@2c2a903f (tried for 8 second(s) with 500 milliseconds interval)","trace":"org.openqa.selenium.TimeoutException: Expected condition failed: waiting for com.usa.web.utils.ElementHelper$$Lambda$337/689375815@2c2a903f (tried for 8 second(s) with 500 milliseconds interval)\n\tat org.openqa.selenium.support.ui.WebDriverWait.timeoutException(WebDriverWait.java:95)\n\tat org.openqa.selenium.support.ui.FluentWait.until(FluentWait.java:272)\n\tat com.usa.web.utils.ElementHelper.waitForElement(ElementHelper.java:34)\n\tat com.usa.web.utils.ElementHelper.clickOnElement(ElementHelper.java:29)\n\tat com.usa.web.pages.LoanPurposePage.enterEmail(LoanPurposePage.java:133)\n\tat com.usa.web.LoanPurposePageTest.testPrequalificationForm(LoanPurposePageTest.java:32)\n\tat sun.reflect.NativeMethodAccessorImpl.invoke0(Native Method)\n\tat sun.reflect.NativeMethodAccessorImpl.invoke(NativeMethodAccessorImpl.java:62)\n\tat sun.reflect.DelegatingMethodAccessorImpl.invoke(DelegatingMethodAccessorImpl.java:43)\n\tat java.lang.reflect.Method.invoke(Method.java:498)\n\tat org.testng.internal.MethodInvocationHelper.invokeMethod(MethodInvocationHelper.java:124)\n\tat org.testng.internal.Invoker.invokeMethod(Invoker.java:583)\n\tat org.testng.internal.Invoker.invokeTestMethod(Invoker.java:719)\n\tat org.testng.internal.Invoker.invokeTestMethods(Invoker.java:989)\n\tat org.testng.internal.TestMethodWorker.invokeTestMethods(TestMethodWorker.java:125)\n\tat org.testng.internal.TestMethodWorker.run(TestMethodWorker.java:109)\n\tat org.testng.TestRunner.privateRun(TestRunner.java:648)\n\tat org.testng.TestRunner.run(TestRunner.java:505)\n\tat org.testng.SuiteRunner.runTest(SuiteRunner.java:455)\n\tat org.testng.SuiteRunner.runSequentially(SuiteRunner.java:450)\n\tat org.testng.SuiteRunner.privateRun(SuiteRunner.java:415)\n\tat org.testng.SuiteRunner.run(SuiteRunner.java:364)\n\tat org.testng.SuiteRunnerWorker.runSuite(SuiteRunnerWorker.java:52)\n\tat org.testng.SuiteRunnerWorker.run(SuiteRunnerWorker.java:84)\n\tat org.testng.TestNG.runSuitesSequentially(TestNG.java:1208)\n\tat org.testng.TestNG.runSuitesLocally(TestNG.java:1137)\n\tat org.testng.TestNG.runSuites(TestNG.java:1049)\n\tat org.testng.TestNG.run(TestNG.java:1017)\n\tat org.testng.IDEARemoteTestNG.run(IDEARemoteTestNG.java:72)\n\tat org.testng.RemoteTestNGStarter.main(RemoteTestNGStarter.java:123)\nCaused by: org.openqa.selenium.NoSuchElementException: no such element: Unable to locate element: {\"method\":\"xpath\",\"selector\":\"//button[text()= 'Continue']\"}\n  (Session info: chrome=81.0.4044.129)\nFor documentation on this error, please visit: https://www.seleniumhq.org/exceptions/no_such_element.html\nBuild info: version: '3.141.59', revision: 'e82be7d358', time: '2018-11-14T08:17:03'\nSystem info: host: 'AlexandersMBP2', ip: 'fe80:0:0:0:40:8fd6:f524:1d35%en0', os.name: 'Mac OS X', os.arch: 'x86_64', os.version: '10.14.4', java.version: '1.8.0_201'\nDriver info: org.openqa.selenium.chrome.ChromeDriver\nCapabilities {acceptInsecureCerts: false, browserName: chrome, browserVersion: 81.0.4044.129, chrome: {chromedriverVersion: 81.0.4044.138 (8c6c7ba89cc9..., userDataDir: /var/folders/mx/69xrsg991kg...}, goog:chromeOptions: {debuggerAddress: localhost:50187}, javascriptEnabled: true, networkConnectionEnabled: false, pageLoadStrategy: normal, platform: MAC, platformName: MAC, proxy: Proxy(), setWindowRect: true, strictFileInteractability: false, timeouts: {implicit: 0, pageLoad: 300000, script: 30000}, unhandledPromptBehavior: dismiss and notify, webauthn:virtualAuthenticators: true}\nSession ID: 5f5506a62f36fc92c7f12c859fa17432\n*** Element info: {Using=xpath, value=//button[text()= 'Continue']}\n\tat sun.reflect.NativeConstructorAccessorImpl.newInstance0(Native Method)\n\tat sun.reflect.NativeConstructorAccessorImpl.newInstance(NativeConstructorAccessorImpl.java:62)\n\tat sun.reflect.DelegatingConstructorAccessorImpl.newInstance(DelegatingConstructorAccessorImpl.java:45)\n\tat java.lang.reflect.Constructor.newInstance(Constructor.java:423)\n\tat org.openqa.selenium.remote.http.W3CHttpResponseCodec.createException(W3CHttpResponseCodec.java:187)\n\tat org.openqa.selenium.remote.http.W3CHttpResponseCodec.decode(W3CHttpResponseCodec.java:122)\n\tat org.openqa.selenium.remote.http.W3CHttpResponseCodec.decode(W3CHttpResponseCodec.java:49)\n\tat org.openqa.selenium.remote.HttpCommandExecutor.execute(HttpCommandExecutor.java:158)\n\tat org.openqa.selenium.remote.service.DriverCommandExecutor.execute(DriverCommandExecutor.java:83)\n\tat org.openqa.selenium.remote.RemoteWebDriver.execute(RemoteWebDriver.java:552)\n\tat org.openqa.selenium.remote.RemoteWebDriver.findElement(RemoteWebDriver.java:323)\n\tat org.openqa.selenium.remote.RemoteWebDriver.findElementByXPath(RemoteWebDriver.java:428)\n\tat org.openqa.selenium.By$ByXPath.findElement(By.java:353)\n\tat org.openqa.selenium.remote.RemoteWebDriver.findElement(RemoteWebDriver.java:315)\n\tat com.usa.web.utils.ElementHelper.lambda$waitForElement$0(ElementHelper.java:35)\n\tat org.openqa.selenium.support.ui.FluentWait.until(FluentWait.java:249)\n\t... 28 more\n"},"stage":"finished","steps":[{"name":"Open main page with url : https://www.credible.com/?vt_disabled=true","status":"passed","stage":"finished","steps":[],"attachments":[],"parameters":[{"name":"url","value":"https://www.credible.com/?vt_disabled=true"}],"start":1588874646781,"stop":1588874649105},{"name":"Go to Loan purpose page","status":"passed","stage":"finished","steps":[],"attachments":[],"parameters":[{"name":"moneyAmount","value":"10000"}],"start":1588874649106,"stop":1588874653627},{"name":"chooseLoanPurpose","status":"passed","stage":"finished","steps":[],"attachments":[],"parameters":[{"name":"purpose","value":"Debt consolidation"}],"start":1588874653627,"stop":1588874653784},{"name":"chooseEducationLevel","status":"passed","stage":"finished","steps":[],"attachments":[],"parameters":[{"name":"eduLevel","value":"High school"}],"start":1588874653784,"stop":1588874654928},{"name":"chooseEmploymentStatus","status":"passed","stage":"finished","steps":[],"attachments":[],"parameters":[{"name":"status","value":"Full-time employed"}],"start":1588874654928,"stop":1588874656096},{"name":"chooseIncome","status":"passed","stage":"finished","steps":[],"attachments":[],"parameters":[{"name":"income","value":"50000"}],"start":1588874656096,"stop":1588874657547},{"name":"chooseCreditScore","status":"passed","stage":"finished","steps":[],"attachments":[],"parameters":[{"name":"score","value":"Excellent (750+)"}],"start":1588874657548,"stop":1588874658208},{"name":"enterPersonalInfo","status":"passed","stage":"finished","steps":[],"attachments":[],"parameters":[{"name":"firstName","value":"Alex"},{"name":"lastName","value":"Somov"}],"start":1588874658208,"stop":1588874659868},{"name":"enterDateOfBirth","status":"passed","stage":"finished","steps":[],"attachments":[],"parameters":[{"name":"dateOfBirth","value":"12181986"}],"start":1588874659868,"stop":1588874660747},{"name":"enterAddress","status":"passed","stage":"finished","steps":[],"attachments":[],"parameters":[{"name":"streetPartialName","value":"2715 Cabrillo Street, San Francisco"}],"start":1588874660747,"stop":1588874667043},{"name":"chooseHousingStatus","status":"passed","stage":"finished","steps":[],"attachments":[],"parameters":[{"name":"housingStatus","value":"Rent"}],"start":1588874667044,"stop":1588874667716},{"name":"enterMonthlyHousingPayment","status":"passed","stage":"finished","steps":[],"attachments":[],"parameters":[{"name":"payment","value":"1000"}],"start":1588874667716,"stop":1588874669085},{"name":"chooseCitizenshipStatus","status":"passed","stage":"finished","steps":[],"attachments":[],"parameters":[{"name":"status","value":"Yes"}],"start":1588874669085,"stop":1588874669734},{"name":"enterSSN","status":"passed","stage":"finished","steps":[],"attachments":[],"parameters":[{"name":"ssn","value":"111111111"}],"start":1588874669734,"stop":1588874671227},{"name":"enterPhoneNumber","status":"passed","stage":"finished","steps":[],"attachments":[],"parameters":[{"name":"number","value":"4156545679"}],"start":1588874671227,"stop":1588874672267},{"name":"enterEmail","status":"broken","statusDetails":{"known":false,"muted":false,"flaky":false,"message":"Expected condition failed: waiting for com.usa.web.utils.ElementHelper$$Lambda$337/689375815@2c2a903f (tried for 8 second(s) with 500 milliseconds interval)","trace":"org.openqa.selenium.TimeoutException: Expected condition failed: waiting for com.usa.web.utils.ElementHelper$$Lambda$337/689375815@2c2a903f (tried for 8 second(s) with 500 milliseconds interval)\n\tat org.openqa.selenium.support.ui.WebDriverWait.timeoutException(WebDriverWait.java:95)\n\tat org.openqa.selenium.support.ui.FluentWait.until(FluentWait.java:272)\n\tat com.usa.web.utils.ElementHelper.waitForElement(ElementHelper.java:34)\n\tat com.usa.web.utils.ElementHelper.clickOnElement(ElementHelper.java:29)\n\tat com.usa.web.pages.LoanPurposePage.enterEmail(LoanPurposePage.java:133)\n\tat com.usa.web.LoanPurposePageTest.testPrequalificationForm(LoanPurposePageTest.java:32)\n\tat sun.reflect.NativeMethodAccessorImpl.invoke0(Native Method)\n\tat sun.reflect.NativeMethodAccessorImpl.invoke(NativeMethodAccessorImpl.java:62)\n\tat sun.reflect.DelegatingMethodAccessorImpl.invoke(DelegatingMethodAccessorImpl.java:43)\n\tat java.lang.reflect.Method.invoke(Method.java:498)\n\tat org.testng.internal.MethodInvocationHelper.invokeMethod(MethodInvocationHelper.java:124)\n\tat org.testng.internal.Invoker.invokeMethod(Invoker.java:583)\n\tat org.testng.internal.Invoker.invokeTestMethod(Invoker.java:719)\n\tat org.testng.internal.Invoker.invokeTestMethods(Invoker.java:989)\n\tat org.testng.internal.TestMethodWorker.invokeTestMethods(TestMethodWorker.java:125)\n\tat org.testng.internal.TestMethodWorker.run(TestMethodWorker.java:109)\n\tat org.testng.TestRunner.privateRun(TestRunner.java:648)\n\tat org.testng.TestRunner.run(TestRunner.java:505)\n\tat org.testng.SuiteRunner.runTest(SuiteRunner.java:455)\n\tat org.testng.SuiteRunner.runSequentially(SuiteRunner.java:450)\n\tat org.testng.SuiteRunner.privateRun(SuiteRunner.java:415)\n\tat org.testng.SuiteRunner.run(SuiteRunner.java:364)\n\tat org.testng.SuiteRunnerWorker.runSuite(SuiteRunnerWorker.java:52)\n\tat org.testng.SuiteRunnerWorker.run(SuiteRunnerWorker.java:84)\n\tat org.testng.TestNG.runSuitesSequentially(TestNG.java:1208)\n\tat org.testng.TestNG.runSuitesLocally(TestNG.java:1137)\n\tat org.testng.TestNG.runSuites(TestNG.java:1049)\n\tat org.testng.TestNG.run(TestNG.java:1017)\n\tat org.testng.IDEARemoteTestNG.run(IDEARemoteTestNG.java:72)\n\tat org.testng.RemoteTestNGStarter.main(RemoteTestNGStarter.java:123)\nCaused by: org.openqa.selenium.NoSuchElementException: no such element: Unable to locate element: {\"method\":\"xpath\",\"selector\":\"//button[text()= 'Continue']\"}\n  (Session info: chrome=81.0.4044.129)\nFor documentation on this error, please visit: https://www.seleniumhq.org/exceptions/no_such_element.html\nBuild info: version: '3.141.59', revision: 'e82be7d358', time: '2018-11-14T08:17:03'\nSystem info: host: 'AlexandersMBP2', ip: 'fe80:0:0:0:40:8fd6:f524:1d35%en0', os.name: 'Mac OS X', os.arch: 'x86_64', os.version: '10.14.4', java.version: '1.8.0_201'\nDriver info: org.openqa.selenium.chrome.ChromeDriver\nCapabilities {acceptInsecureCerts: false, browserName: chrome, browserVersion: 81.0.4044.129, chrome: {chromedriverVersion: 81.0.4044.138 (8c6c7ba89cc9..., userDataDir: /var/folders/mx/69xrsg991kg...}, goog:chromeOptions: {debuggerAddress: localhost:50187}, javascriptEnabled: true, networkConnectionEnabled: false, pageLoadStrategy: normal, platform: MAC, platformName: MAC, proxy: Proxy(), setWindowRect: true, strictFileInteractability: false, timeouts: {implicit: 0, pageLoad: 300000, script: 30000}, unhandledPromptBehavior: dismiss and notify, webauthn:virtualAuthenticators: true}\nSession ID: 5f5506a62f36fc92c7f12c859fa17432\n*** Element info: {Using=xpath, value=//button[text()= 'Continue']}\n\tat sun.reflect.NativeConstructorAccessorImpl.newInstance0(Native Method)\n\tat sun.reflect.NativeConstructorAccessorImpl.newInstance(NativeConstructorAccessorImpl.java:62)\n\tat sun.reflect.DelegatingConstructorAccessorImpl.newInstance(DelegatingConstructorAccessorImpl.java:45)\n\tat java.lang.reflect.Constructor.newInstance(Constructor.java:423)\n\tat org.openqa.selenium.remote.http.W3CHttpResponseCodec.createException(W3CHttpResponseCodec.java:187)\n\tat org.openqa.selenium.remote.http.W3CHttpResponseCodec.decode(W3CHttpResponseCodec.java:122)\n\tat org.openqa.selenium.remote.http.W3CHttpResponseCodec.decode(W3CHttpResponseCodec.java:49)\n\tat org.openqa.selenium.remote.HttpCommandExecutor.execute(HttpCommandExecutor.java:158)\n\tat org.openqa.selenium.remote.service.DriverCommandExecutor.execute(DriverCommandExecutor.java:83)\n\tat org.openqa.selenium.remote.RemoteWebDriver.execute(RemoteWebDriver.java:552)\n\tat org.openqa.selenium.remote.RemoteWebDriver.findElement(RemoteWebDriver.java:323)\n\tat org.openqa.selenium.remote.RemoteWebDriver.findElementByXPath(RemoteWebDriver.java:428)\n\tat org.openqa.selenium.By$ByXPath.findElement(By.java:353)\n\tat org.openqa.selenium.remote.RemoteWebDriver.findElement(RemoteWebDriver.java:315)\n\tat com.usa.web.utils.ElementHelper.lambda$waitForElement$0(ElementHelper.java:35)\n\tat org.openqa.selenium.support.ui.FluentWait.until(FluentWait.java:249)\n\t... 28 more\n"},"stage":"finished","steps":[],"attachments":[],"parameters":[{"name":"email","value":"Alex_7_1588874636302@credible.com"}],"start":1588874672267,"stop":1588874682170}],"attachments":[],"parameters":[],"start":1588874646733,"stop":1588874682190,"uuid":"2778f5c7-d827-4e3d-8af8-f09e5bca1b42","historyId":"18d37a2cd7480c9756c3463a89b00e48","fullName":"com.usa.web.LoanPurposePageTest.testPrequalificationForm","labels":[{"name":"package","value":"com.usa.web.LoanPurposePageTest"},{"name":"testClass","value":"com.usa.web.LoanPurposePageTest"},{"name":"testMethod","value":"testPrequalificationForm"},{"name":"parentSuite","value":"REGRESSION"},{"name":"suite","value":"LoanPurposePageTest"},{"name":"subSuite","value":"com.usa.web.LoanPurposePageTest"},{"name":"host","value":"AlexandersMBP2"},{"name":"thread","value":"12843@AlexandersMBP2.main(1)"},{"name":"framework","value":"testng"},{"name":"language","value":"java"}],"links":[]}