{"name":"testPrequalificationForm","status":"broken","statusDetails":{"known":false,"muted":false,"flaky":false,"message":"Expected condition failed: waiting for com.usa.web.utils.ElementHelper$$Lambda$337/1777112002@50f4b83d (tried for 8 second(s) with 500 milliseconds interval)","trace":"org.openqa.selenium.TimeoutException: Expected condition failed: waiting for com.usa.web.utils.ElementHelper$$Lambda$337/1777112002@50f4b83d (tried for 8 second(s) with 500 milliseconds interval)\n\tat org.openqa.selenium.support.ui.WebDriverWait.timeoutException(WebDriverWait.java:95)\n\tat org.openqa.selenium.support.ui.FluentWait.until(FluentWait.java:272)\n\tat com.usa.web.utils.ElementHelper.waitForElement(ElementHelper.java:65)\n\tat com.usa.web.utils.ElementHelper.clickOnElement(ElementHelper.java:35)\n\tat com.usa.web.pages.LoanPurposePage.makeChoice(LoanPurposePage.java:74)\n\tat com.usa.web.pages.LoanPurposePage.chooseHousingStatus(LoanPurposePage.java:92)\n\tat com.usa.web.LoanPurposePageTest.testPrequalificationForm(LoanPurposePageTest.java:34)\n\tat sun.reflect.NativeMethodAccessorImpl.invoke0(Native Method)\n\tat sun.reflect.NativeMethodAccessorImpl.invoke(NativeMethodAccessorImpl.java:62)\n\tat sun.reflect.DelegatingMethodAccessorImpl.invoke(DelegatingMethodAccessorImpl.java:43)\n\tat java.lang.reflect.Method.invoke(Method.java:498)\n\tat org.testng.internal.MethodInvocationHelper.invokeMethod(MethodInvocationHelper.java:124)\n\tat org.testng.internal.Invoker.invokeMethod(Invoker.java:583)\n\tat org.testng.internal.Invoker.invokeTestMethod(Invoker.java:719)\n\tat org.testng.internal.Invoker.invokeTestMethods(Invoker.java:989)\n\tat org.testng.internal.TestMethodWorker.invokeTestMethods(TestMethodWorker.java:125)\n\tat org.testng.internal.TestMethodWorker.run(TestMethodWorker.java:109)\n\tat org.testng.TestRunner.privateRun(TestRunner.java:648)\n\tat org.testng.TestRunner.run(TestRunner.java:505)\n\tat org.testng.SuiteRunner.runTest(SuiteRunner.java:455)\n\tat org.testng.SuiteRunner.runSequentially(SuiteRunner.java:450)\n\tat org.testng.SuiteRunner.privateRun(SuiteRunner.java:415)\n\tat org.testng.SuiteRunner.run(SuiteRunner.java:364)\n\tat org.testng.SuiteRunnerWorker.runSuite(SuiteRunnerWorker.java:52)\n\tat org.testng.SuiteRunnerWorker.run(SuiteRunnerWorker.java:84)\n\tat org.testng.TestNG.runSuitesSequentially(TestNG.java:1208)\n\tat org.testng.TestNG.runSuitesLocally(TestNG.java:1137)\n\tat org.testng.TestNG.runSuites(TestNG.java:1049)\n\tat org.testng.TestNG.run(TestNG.java:1017)\n\tat org.testng.IDEARemoteTestNG.run(IDEARemoteTestNG.java:72)\n\tat org.testng.RemoteTestNGStarter.main(RemoteTestNGStarter.java:123)\nCaused by: org.openqa.selenium.NoSuchElementException: no such element: Unable to locate element: {\"method\":\"xpath\",\"selector\":\"//span[text() = 'Rent']\"}\n  (Session info: chrome=77.0.3865.90)\nFor documentation on this error, please visit: https://www.seleniumhq.org/exceptions/no_such_element.html\nBuild info: version: '3.141.59', revision: 'e82be7d358', time: '2018-11-14T08:17:03'\nSystem info: host: 'AlexandersMBP2', ip: 'fe80:0:0:0:42b:ffc7:b1c6:c3a4%en0', os.name: 'Mac OS X', os.arch: 'x86_64', os.version: '10.14.4', java.version: '1.8.0_201'\nDriver info: org.openqa.selenium.chrome.ChromeDriver\nCapabilities {acceptInsecureCerts: false, browserName: chrome, browserVersion: 77.0.3865.90, chrome: {chromedriverVersion: 77.0.3865.40 (f484704e052e0..., userDataDir: /var/folders/mx/69xrsg991kg...}, goog:chromeOptions: {debuggerAddress: localhost:51088}, javascriptEnabled: true, networkConnectionEnabled: false, pageLoadStrategy: normal, platform: MAC, platformName: MAC, proxy: Proxy(), setWindowRect: true, strictFileInteractability: false, timeouts: {implicit: 0, pageLoad: 300000, script: 30000}, unhandledPromptBehavior: dismiss and notify}\nSession ID: 64335dbcff3a42b21b25cacd68641631\n*** Element info: {Using=xpath, value=//span[text() = 'Rent']}\n\tat sun.reflect.NativeConstructorAccessorImpl.newInstance0(Native Method)\n\tat sun.reflect.NativeConstructorAccessorImpl.newInstance(NativeConstructorAccessorImpl.java:62)\n\tat sun.reflect.DelegatingConstructorAccessorImpl.newInstance(DelegatingConstructorAccessorImpl.java:45)\n\tat java.lang.reflect.Constructor.newInstance(Constructor.java:423)\n\tat org.openqa.selenium.remote.http.W3CHttpResponseCodec.createException(W3CHttpResponseCodec.java:187)\n\tat org.openqa.selenium.remote.http.W3CHttpResponseCodec.decode(W3CHttpResponseCodec.java:122)\n\tat org.openqa.selenium.remote.http.W3CHttpResponseCodec.decode(W3CHttpResponseCodec.java:49)\n\tat org.openqa.selenium.remote.HttpCommandExecutor.execute(HttpCommandExecutor.java:158)\n\tat org.openqa.selenium.remote.service.DriverCommandExecutor.execute(DriverCommandExecutor.java:83)\n\tat org.openqa.selenium.remote.RemoteWebDriver.execute(RemoteWebDriver.java:552)\n\tat org.openqa.selenium.remote.RemoteWebDriver.findElement(RemoteWebDriver.java:323)\n\tat org.openqa.selenium.remote.RemoteWebDriver.findElementByXPath(RemoteWebDriver.java:428)\n\tat org.openqa.selenium.By$ByXPath.findElement(By.java:353)\n\tat org.openqa.selenium.remote.RemoteWebDriver.findElement(RemoteWebDriver.java:315)\n\tat com.usa.web.utils.ElementHelper.lambda$waitForElement$1(ElementHelper.java:66)\n\tat org.openqa.selenium.support.ui.FluentWait.until(FluentWait.java:249)\n\t... 29 more\n"},"stage":"finished","steps":[{"name":"Open main page with url : https://www.credible.com/?vt_disabled=true","status":"passed","stage":"finished","steps":[],"attachments":[],"parameters":[{"name":"url","value":"https://www.credible.com/?vt_disabled=true"}],"start":1569721129149,"stop":1569721132223},{"name":"Go to Loan purpose page","status":"passed","stage":"finished","steps":[],"attachments":[],"parameters":[{"name":"moneyAmount","value":"10000"}],"start":1569721132224,"stop":1569721135039},{"name":"chooseLoanPurpose","status":"passed","stage":"finished","steps":[],"attachments":[],"parameters":[{"name":"purpose","value":"Debt consolidation"}],"start":1569721135039,"stop":1569721145217},{"name":"chooseEducationLevel","status":"passed","stage":"finished","steps":[],"attachments":[],"parameters":[{"name":"eduLevel","value":"High school"}],"start":1569721145217,"stop":1569721150343},{"name":"chooseEmploymentStatus","status":"passed","stage":"finished","steps":[],"attachments":[],"parameters":[{"name":"status","value":"Full-time employed"}],"start":1569721150343,"stop":1569721155462},{"name":"chooseIncome","status":"passed","stage":"finished","steps":[],"attachments":[],"parameters":[{"name":"income","value":"50000"}],"start":1569721155462,"stop":1569721155858},{"name":"chooseCreditScore","status":"passed","stage":"finished","steps":[],"attachments":[],"parameters":[{"name":"score","value":"Excellent (750+)"}],"start":1569721155858,"stop":1569721161523},{"name":"enterPersonalInfo","status":"passed","stage":"finished","steps":[],"attachments":[],"parameters":[{"name":"firstName","value":"Alex"},{"name":"lastName","value":"Somov"}],"start":1569721161523,"stop":1569721167177},{"name":"enterDateOfBirth","status":"passed","stage":"finished","steps":[],"attachments":[],"parameters":[{"name":"dateOfBirth","value":"12181986"}],"start":1569721167177,"stop":1569721172911},{"name":"enterAddress","status":"passed","stage":"finished","steps":[],"attachments":[],"parameters":[{"name":"streetPartialName","value":"2715 Cabrillo Street, San Francisco"}],"start":1569721172911,"stop":1569721183844},{"name":"chooseHousingStatus","status":"broken","statusDetails":{"known":false,"muted":false,"flaky":false,"message":"Expected condition failed: waiting for com.usa.web.utils.ElementHelper$$Lambda$337/1777112002@50f4b83d (tried for 8 second(s) with 500 milliseconds interval)","trace":"org.openqa.selenium.TimeoutException: Expected condition failed: waiting for com.usa.web.utils.ElementHelper$$Lambda$337/1777112002@50f4b83d (tried for 8 second(s) with 500 milliseconds interval)\n\tat org.openqa.selenium.support.ui.WebDriverWait.timeoutException(WebDriverWait.java:95)\n\tat org.openqa.selenium.support.ui.FluentWait.until(FluentWait.java:272)\n\tat com.usa.web.utils.ElementHelper.waitForElement(ElementHelper.java:65)\n\tat com.usa.web.utils.ElementHelper.clickOnElement(ElementHelper.java:35)\n\tat com.usa.web.pages.LoanPurposePage.makeChoice(LoanPurposePage.java:74)\n\tat com.usa.web.pages.LoanPurposePage.chooseHousingStatus(LoanPurposePage.java:92)\n\tat com.usa.web.LoanPurposePageTest.testPrequalificationForm(LoanPurposePageTest.java:34)\n\tat sun.reflect.NativeMethodAccessorImpl.invoke0(Native Method)\n\tat sun.reflect.NativeMethodAccessorImpl.invoke(NativeMethodAccessorImpl.java:62)\n\tat sun.reflect.DelegatingMethodAccessorImpl.invoke(DelegatingMethodAccessorImpl.java:43)\n\tat java.lang.reflect.Method.invoke(Method.java:498)\n\tat org.testng.internal.MethodInvocationHelper.invokeMethod(MethodInvocationHelper.java:124)\n\tat org.testng.internal.Invoker.invokeMethod(Invoker.java:583)\n\tat org.testng.internal.Invoker.invokeTestMethod(Invoker.java:719)\n\tat org.testng.internal.Invoker.invokeTestMethods(Invoker.java:989)\n\tat org.testng.internal.TestMethodWorker.invokeTestMethods(TestMethodWorker.java:125)\n\tat org.testng.internal.TestMethodWorker.run(TestMethodWorker.java:109)\n\tat org.testng.TestRunner.privateRun(TestRunner.java:648)\n\tat org.testng.TestRunner.run(TestRunner.java:505)\n\tat org.testng.SuiteRunner.runTest(SuiteRunner.java:455)\n\tat org.testng.SuiteRunner.runSequentially(SuiteRunner.java:450)\n\tat org.testng.SuiteRunner.privateRun(SuiteRunner.java:415)\n\tat org.testng.SuiteRunner.run(SuiteRunner.java:364)\n\tat org.testng.SuiteRunnerWorker.runSuite(SuiteRunnerWorker.java:52)\n\tat org.testng.SuiteRunnerWorker.run(SuiteRunnerWorker.java:84)\n\tat org.testng.TestNG.runSuitesSequentially(TestNG.java:1208)\n\tat org.testng.TestNG.runSuitesLocally(TestNG.java:1137)\n\tat org.testng.TestNG.runSuites(TestNG.java:1049)\n\tat org.testng.TestNG.run(TestNG.java:1017)\n\tat org.testng.IDEARemoteTestNG.run(IDEARemoteTestNG.java:72)\n\tat org.testng.RemoteTestNGStarter.main(RemoteTestNGStarter.java:123)\nCaused by: org.openqa.selenium.NoSuchElementException: no such element: Unable to locate element: {\"method\":\"xpath\",\"selector\":\"//span[text() = 'Rent']\"}\n  (Session info: chrome=77.0.3865.90)\nFor documentation on this error, please visit: https://www.seleniumhq.org/exceptions/no_such_element.html\nBuild info: version: '3.141.59', revision: 'e82be7d358', time: '2018-11-14T08:17:03'\nSystem info: host: 'AlexandersMBP2', ip: 'fe80:0:0:0:42b:ffc7:b1c6:c3a4%en0', os.name: 'Mac OS X', os.arch: 'x86_64', os.version: '10.14.4', java.version: '1.8.0_201'\nDriver info: org.openqa.selenium.chrome.ChromeDriver\nCapabilities {acceptInsecureCerts: false, browserName: chrome, browserVersion: 77.0.3865.90, chrome: {chromedriverVersion: 77.0.3865.40 (f484704e052e0..., userDataDir: /var/folders/mx/69xrsg991kg...}, goog:chromeOptions: {debuggerAddress: localhost:51088}, javascriptEnabled: true, networkConnectionEnabled: false, pageLoadStrategy: normal, platform: MAC, platformName: MAC, proxy: Proxy(), setWindowRect: true, strictFileInteractability: false, timeouts: {implicit: 0, pageLoad: 300000, script: 30000}, unhandledPromptBehavior: dismiss and notify}\nSession ID: 64335dbcff3a42b21b25cacd68641631\n*** Element info: {Using=xpath, value=//span[text() = 'Rent']}\n\tat sun.reflect.NativeConstructorAccessorImpl.newInstance0(Native Method)\n\tat sun.reflect.NativeConstructorAccessorImpl.newInstance(NativeConstructorAccessorImpl.java:62)\n\tat sun.reflect.DelegatingConstructorAccessorImpl.newInstance(DelegatingConstructorAccessorImpl.java:45)\n\tat java.lang.reflect.Constructor.newInstance(Constructor.java:423)\n\tat org.openqa.selenium.remote.http.W3CHttpResponseCodec.createException(W3CHttpResponseCodec.java:187)\n\tat org.openqa.selenium.remote.http.W3CHttpResponseCodec.decode(W3CHttpResponseCodec.java:122)\n\tat org.openqa.selenium.remote.http.W3CHttpResponseCodec.decode(W3CHttpResponseCodec.java:49)\n\tat org.openqa.selenium.remote.HttpCommandExecutor.execute(HttpCommandExecutor.java:158)\n\tat org.openqa.selenium.remote.service.DriverCommandExecutor.execute(DriverCommandExecutor.java:83)\n\tat org.openqa.selenium.remote.RemoteWebDriver.execute(RemoteWebDriver.java:552)\n\tat org.openqa.selenium.remote.RemoteWebDriver.findElement(RemoteWebDriver.java:323)\n\tat org.openqa.selenium.remote.RemoteWebDriver.findElementByXPath(RemoteWebDriver.java:428)\n\tat org.openqa.selenium.By$ByXPath.findElement(By.java:353)\n\tat org.openqa.selenium.remote.RemoteWebDriver.findElement(RemoteWebDriver.java:315)\n\tat com.usa.web.utils.ElementHelper.lambda$waitForElement$1(ElementHelper.java:66)\n\tat org.openqa.selenium.support.ui.FluentWait.until(FluentWait.java:249)\n\t... 29 more\n"},"stage":"finished","steps":[],"attachments":[],"parameters":[{"name":"housingStatus","value":"Rent"}],"start":1569721183844,"stop":1569721191910}],"attachments":[],"parameters":[],"start":1569721129119,"stop":1569721191919,"uuid":"109541c0-7a89-4ff7-8407-12610ef97aaf","historyId":"18d37a2cd7480c9756c3463a89b00e48","fullName":"com.usa.web.LoanPurposePageTest.testPrequalificationForm","labels":[{"name":"package","value":"com.usa.web.LoanPurposePageTest"},{"name":"testClass","value":"com.usa.web.LoanPurposePageTest"},{"name":"testMethod","value":"testPrequalificationForm"},{"name":"parentSuite","value":"Default Suite"},{"name":"suite","value":"credible"},{"name":"subSuite","value":"com.usa.web.LoanPurposePageTest"},{"name":"host","value":"AlexandersMBP2"},{"name":"thread","value":"9042@AlexandersMBP2.main(1)"},{"name":"framework","value":"testng"},{"name":"language","value":"java"}],"links":[]}