<?xml version="1.0" encoding="UTF-8"?>
<testsuite xmlns:xsi="http://www.w3.org/2001/XMLSchema-instance" xsi:noNamespaceSchemaLocation="https://maven.apache.org/surefire/maven-surefire-plugin/xsd/surefire-test-report.xsd" name="TestSuite" time="43.257" tests="1" errors="0" skipped="0" failures="1">
  <properties>
    <property name="idea.version" value="2018.2.7"/>
    <property name="java.runtime.name" value="Java(TM) SE Runtime Environment"/>
    <property name="sun.boot.library.path" value="/Library/Java/JavaVirtualMachines/jdk1.8.0_201.jdk/Contents/Home/jre/lib"/>
    <property name="java.vm.version" value="25.201-b09"/>
    <property name="gopherProxySet" value="false"/>
    <property name="java.vm.vendor" value="Oracle Corporation"/>
    <property name="maven.multiModuleProjectDirectory" value="/Users/alexander/workspace/credible_project"/>
    <property name="java.vendor.url" value="http://java.oracle.com/"/>
    <property name="path.separator" value=":"/>
    <property name="guice.disable.misplaced.annotation.check" value="true"/>
    <property name="java.vm.name" value="Java HotSpot(TM) 64-Bit Server VM"/>
    <property name="file.encoding.pkg" value="sun.io"/>
    <property name="user.country" value="US"/>
    <property name="sun.java.launcher" value="SUN_STANDARD"/>
    <property name="sun.os.patch.level" value="unknown"/>
    <property name="java.vm.specification.name" value="Java Virtual Machine Specification"/>
    <property name="user.dir" value="/Users/alexander/workspace/credible_project"/>
    <property name="java.runtime.version" value="1.8.0_201-b09"/>
    <property name="java.awt.graphicsenv" value="sun.awt.CGraphicsEnvironment"/>
    <property name="java.endorsed.dirs" value="/Library/Java/JavaVirtualMachines/jdk1.8.0_201.jdk/Contents/Home/jre/lib/endorsed"/>
    <property name="os.arch" value="x86_64"/>
    <property name="java.io.tmpdir" value="/var/folders/mx/69xrsg991kg12s95c8pq8llm0000gn/T/"/>
    <property name="line.separator" value="&#10;"/>
    <property name="java.vm.specification.vendor" value="Oracle Corporation"/>
    <property name="os.name" value="Mac OS X"/>
    <property name="classworlds.conf" value="/Applications/IntelliJ IDEA CE.app/Contents/plugins/maven/lib/maven3/bin/m2.conf"/>
    <property name="sun.jnu.encoding" value="UTF-8"/>
    <property name="java.library.path" value="/Users/alexander/Library/Java/Extensions:/Library/Java/Extensions:/Network/Library/Java/Extensions:/System/Library/Java/Extensions:/usr/lib/java:."/>
    <property name="java.specification.name" value="Java Platform API Specification"/>
    <property name="java.class.version" value="52.0"/>
    <property name="sun.management.compiler" value="HotSpot 64-Bit Tiered Compilers"/>
    <property name="os.version" value="10.14.4"/>
    <property name="http.nonProxyHosts" value="local|*.local|169.254/16|*.169.254/16"/>
    <property name="user.home" value="/Users/alexander"/>
    <property name="user.timezone" value="America/Los_Angeles"/>
    <property name="java.awt.printerjob" value="sun.lwawt.macosx.CPrinterJob"/>
    <property name="java.specification.version" value="1.8"/>
    <property name="file.encoding" value="UTF-8"/>
    <property name="user.name" value="alexander"/>
    <property name="java.class.path" value="/Applications/IntelliJ IDEA CE.app/Contents/plugins/maven/lib/maven3/boot/plexus-classworlds-2.5.2.jar:/Applications/IntelliJ IDEA CE.app/Contents/lib/idea_rt.jar"/>
    <property name="java.vm.specification.version" value="1.8"/>
    <property name="sun.arch.data.model" value="64"/>
    <property name="java.home" value="/Library/Java/JavaVirtualMachines/jdk1.8.0_201.jdk/Contents/Home/jre"/>
    <property name="sun.java.command" value="org.codehaus.classworlds.Launcher -Didea.version=2018.2.7 test"/>
    <property name="java.specification.vendor" value="Oracle Corporation"/>
    <property name="user.language" value="en"/>
    <property name="awt.toolkit" value="sun.lwawt.macosx.LWCToolkit"/>
    <property name="java.vm.info" value="mixed mode"/>
    <property name="java.version" value="1.8.0_201"/>
    <property name="java.ext.dirs" value="/Users/alexander/Library/Java/Extensions:/Library/Java/JavaVirtualMachines/jdk1.8.0_201.jdk/Contents/Home/jre/lib/ext:/Library/Java/Extensions:/Network/Library/Java/Extensions:/System/Library/Java/Extensions:/usr/lib/java"/>
    <property name="sun.boot.class.path" value="/Library/Java/JavaVirtualMachines/jdk1.8.0_201.jdk/Contents/Home/jre/lib/resources.jar:/Library/Java/JavaVirtualMachines/jdk1.8.0_201.jdk/Contents/Home/jre/lib/rt.jar:/Library/Java/JavaVirtualMachines/jdk1.8.0_201.jdk/Contents/Home/jre/lib/sunrsasign.jar:/Library/Java/JavaVirtualMachines/jdk1.8.0_201.jdk/Contents/Home/jre/lib/jsse.jar:/Library/Java/JavaVirtualMachines/jdk1.8.0_201.jdk/Contents/Home/jre/lib/jce.jar:/Library/Java/JavaVirtualMachines/jdk1.8.0_201.jdk/Contents/Home/jre/lib/charsets.jar:/Library/Java/JavaVirtualMachines/jdk1.8.0_201.jdk/Contents/Home/jre/lib/jfr.jar:/Library/Java/JavaVirtualMachines/jdk1.8.0_201.jdk/Contents/Home/jre/classes"/>
    <property name="java.vendor" value="Oracle Corporation"/>
    <property name="maven.home" value="/Applications/IntelliJ IDEA CE.app/Contents/plugins/maven/lib/maven3"/>
    <property name="file.separator" value="/"/>
    <property name="java.vendor.url.bug" value="http://bugreport.sun.com/bugreport/"/>
    <property name="sun.cpu.endian" value="little"/>
    <property name="sun.io.unicode.encoding" value="UnicodeBig"/>
    <property name="socksNonProxyHosts" value="local|*.local|169.254/16|*.169.254/16"/>
    <property name="ftp.nonProxyHosts" value="local|*.local|169.254/16|*.169.254/16"/>
    <property name="sun.cpu.isalist" value=""/>
  </properties>
  <testcase name="testPrequalificationForm" classname="com.usa.web.LoanPurposePageTest" time="32.644">
    <failure message="Expected condition failed: waiting for com.usa.web.utils.ElementHelper$$Lambda$337/67716006@538b3c88 (tried for 8 second(s) with 500 milliseconds interval)" type="org.openqa.selenium.TimeoutException">org.openqa.selenium.TimeoutException: Expected condition failed: waiting for com.usa.web.utils.ElementHelper$$Lambda$337/67716006@538b3c88 (tried for 8 second(s) with 500 milliseconds interval)
	at com.usa.web.LoanPurposePageTest.testPrequalificationForm(LoanPurposePageTest.java:32)
Caused by: org.openqa.selenium.NoSuchElementException: 
no such element: Unable to locate element: {"method":"xpath","selector":"//button[text()= 'Continue']"}
  (Session info: chrome=78.0.3904.70)
For documentation on this error, please visit: https://www.seleniumhq.org/exceptions/no_such_element.html
Build info: version: '3.141.59', revision: 'e82be7d358', time: '2018-11-14T08:17:03'
System info: host: 'AlexandersMBP2', ip: 'fe80:0:0:0:147d:a962:8354:bac4%en0', os.name: 'Mac OS X', os.arch: 'x86_64', os.version: '10.14.4', java.version: '1.8.0_201'
Driver info: org.openqa.selenium.chrome.ChromeDriver
Capabilities {acceptInsecureCerts: false, browserName: chrome, browserVersion: 78.0.3904.70, chrome: {chromedriverVersion: 78.0.3904.70 (edb9c9f3de024..., userDataDir: /var/folders/mx/69xrsg991kg...}, goog:chromeOptions: {debuggerAddress: localhost:57282}, javascriptEnabled: true, networkConnectionEnabled: false, pageLoadStrategy: normal, platform: MAC, platformName: MAC, proxy: Proxy(), setWindowRect: true, strictFileInteractability: false, timeouts: {implicit: 0, pageLoad: 300000, script: 30000}, unhandledPromptBehavior: dismiss and notify}
Session ID: e51a5f691d117d84b7e69a9e1c8a385d
*** Element info: {Using=xpath, value=//button[text()= 'Continue']}
	at com.usa.web.LoanPurposePageTest.testPrequalificationForm(LoanPurposePageTest.java:32)
</failure>
    <system-out><![CDATA[2019-10-31 16:31:06 INFO  LogListener:13 - /nTest started with name: null
2019-10-31 16:31:06 INFO  LandingPage:18 - Open with url: https://www.credible.com/?vt_disabled=true
2019-10-31 16:31:09 INFO  LandingPage:25 - Navigate to Loan purpose page
2019-10-31 16:31:09 INFO  ElementHelper:28 - CLick on element with locator: //*[@data-test-id='product-card-PL']//button
2019-10-31 16:31:09 INFO  ElementHelper:22 - Clear and set text: 10000 to an element with locator: //*[contains(@placeholder, 'Enter amount')]
2019-10-31 16:31:10 INFO  ElementHelper:28 - CLick on element with locator: //button[text() = 'Find My Rate']
2019-10-31 16:31:11 INFO  ElementHelper:28 - CLick on element with locator: //span[text() = 'Debt consolidation']
2019-10-31 16:31:12 INFO  ElementHelper:28 - CLick on element with locator: //span[text() = 'High school']
2019-10-31 16:31:13 INFO  ElementHelper:28 - CLick on element with locator: //span[text() = 'Full-time employed']
2019-10-31 16:31:14 INFO  ElementHelper:22 - Clear and set text: 50000 to an element with locator: //input[@name='employment.incomeYearly']
2019-10-31 16:31:15 INFO  ElementHelper:28 - CLick on element with locator: //button[text()= 'Continue']
2019-10-31 16:31:15 INFO  ElementHelper:28 - CLick on element with locator: //span[text() = 'Excellent (750+)']
2019-10-31 16:31:16 INFO  ElementHelper:22 - Clear and set text: Alex to an element with locator: //input[@placeholder='First name']
2019-10-31 16:31:17 INFO  ElementHelper:22 - Clear and set text: Somov to an element with locator: //input[@placeholder='Last name']
2019-10-31 16:31:17 INFO  ElementHelper:28 - CLick on element with locator: //button[text()= 'Continue']
2019-10-31 16:31:17 INFO  ElementHelper:22 - Clear and set text: 12181986 to an element with locator: //input[@placeholder = 'Date of birth (MM/DD/YYYY)']
2019-10-31 16:31:18 INFO  ElementHelper:28 - CLick on element with locator: //button[text()= 'Continue']
2019-10-31 16:31:18 INFO  ElementHelper:22 - Clear and set text: 2715 Cabrillo Street, San Francisco to an element with locator: //input[@placeholder='Address']
2019-10-31 16:31:24 INFO  ElementHelper:28 - CLick on element with locator: //button[text()= 'Continue']
2019-10-31 16:31:24 INFO  ElementHelper:28 - CLick on element with locator: //span[text() = 'Rent']
2019-10-31 16:31:25 INFO  ElementHelper:22 - Clear and set text: 1000 to an element with locator: //input[@placeholder='Monthly housing payment']
2019-10-31 16:31:26 INFO  ElementHelper:28 - CLick on element with locator: //button[text()= 'Continue']
2019-10-31 16:31:26 INFO  ElementHelper:28 - CLick on element with locator: //span[text() = 'Yes']
2019-10-31 16:31:27 INFO  ElementHelper:22 - Clear and set text: 111111111 to an element with locator: //input[@placeholder='Social security number']
2019-10-31 16:31:28 INFO  ElementHelper:28 - CLick on element with locator: //button[text()= 'Continue']
2019-10-31 16:31:28 INFO  ElementHelper:22 - Clear and set text: 4156545679 to an element with locator: //input[@placeholder='Phone number']
2019-10-31 16:31:29 INFO  ElementHelper:28 - CLick on element with locator: //button[text()= 'Continue']
2019-10-31 16:31:29 INFO  ElementHelper:22 - Clear and set text: Alex_31_1572564657903@credible.com to an element with locator: //input[@placeholder='Email']
2019-10-31 16:31:30 INFO  ElementHelper:28 - CLick on element with locator: //button[text()= 'Continue']
2019-10-31 16:31:38 ERROR LogListener:25 - Test started with name: null fail

2019-10-31 16:31:38 ERROR LogListener:26 - Test error: org.openqa.selenium.TimeoutException: Expected condition failed: waiting for com.usa.web.utils.ElementHelper$$Lambda$337/67716006@538b3c88 (tried for 8 second(s) with 500 milliseconds interval)
]]></system-out>
    <system-err><![CDATA[SLF4J: Failed to load class "org.slf4j.impl.StaticLoggerBinder".
SLF4J: Defaulting to no-operation (NOP) logger implementation
SLF4J: See http://www.slf4j.org/codes.html#StaticLoggerBinder for further details.
Starting ChromeDriver 78.0.3904.70 (edb9c9f3de0247fd912a77b7f6cae7447f6d3ad5-refs/branch-heads/3904@{#800}) on port 5611
Only local connections are allowed.
Please protect ports used by ChromeDriver and related test frameworks to prevent access by malicious code.
Oct 31, 2019 4:31:05 PM org.openqa.selenium.remote.ProtocolHandshake createSession
INFO: Detected dialect: W3C
]]></system-err>
  </testcase>
</testsuite>